# JRE version: OpenJDK Runtime Environment (11.0.10) (build 11.0.10+0-b96-7249189)
# Java VM: OpenJDK 64-Bit Server VM (11.0.10+0-b96-7249189, mixed mode, tiered, compressed oops, g1 gc, windows-amd64)
Heap:
 garbage-first heap   total 315392K, used 229276K [0x0000000080000000, 0x0000000100000000)
  region size 1024K, 49 young (50176K), 6 survivors (6144K)
 Metaspace       used 132212K, capacity 136243K, committed 136448K, reserved 1171456K
  class space    used 16646K, capacity 18132K, committed 18176K, reserved 1048576K
GC Heap History (20 events):
Event: 1358.943 GC heap before
{Heap before GC invocations=37 (full 0):
 garbage-first heap   total 262144K, used 204066K [0x0000000080000000, 0x0000000100000000)
  region size 1024K, 80 young (81920K), 2 survivors (2048K)
 Metaspace       used 124589K, capacity 128095K, committed 128384K, reserved 1161216K
  class space    used 15395K, capacity 16662K, committed 16768K, reserved 1048576K
}
Event: 1358.949 GC heap after
{Heap after GC invocations=38 (full 0):
 garbage-first heap   total 262144K, used 127801K [0x0000000080000000, 0x0000000100000000)
  region size 1024K, 4 young (4096K), 4 survivors (4096K)
 Metaspace       used 124589K, capacity 128095K, committed 128384K, reserved 1161216K
  class space    used 15395K, capacity 16662K, committed 16768K, reserved 1048576K
}
Event: 1359.250 GC heap before
{Heap before GC invocations=38 (full 0):
 garbage-first heap   total 262144K, used 207673K [0x0000000080000000, 0x0000000100000000)
  region size 1024K, 82 young (83968K), 4 survivors (4096K)
 Metaspace       used 124782K, capacity 128245K, committed 128640K, reserved 1161216K
  class space    used 15422K, capacity 16669K, committed 16768K, reserved 1048576K
}
Event: 1359.254 GC heap after
{Heap after GC invocations=39 (full 0):
 garbage-first heap   total 262144K, used 126851K [0x0000000080000000, 0x0000000100000000)
  region size 1024K, 3 young (3072K), 3 survivors (3072K)
 Metaspace       used 124782K, capacity 128245K, committed 128640K, reserved 1161216K
  class space    used 15422K, capacity 16669K, committed 16768K, reserved 1048576K
}
Event: 1359.604 GC heap before
{Heap before GC invocations=39 (full 0):
 garbage-first heap   total 262144K, used 212867K [0x0000000080000000, 0x0000000100000000)
  region size 1024K, 85 young (87040K), 3 survivors (3072K)
 Metaspace       used 124897K, capacity 128415K, committed 128640K, reserved 1161216K
  class space    used 15441K, capacity 16718K, committed 16768K, reserved 1048576K
}
Event: 1359.606 GC heap after
{Heap after GC invocations=40 (full 0):
 garbage-first heap   total 262144K, used 123847K [0x0000000080000000, 0x0000000100000000)
  region size 1024K, 2 young (2048K), 2 survivors (2048K)
 Metaspace       used 124897K, capacity 128415K, committed 128640K, reserved 1161216K
  class space    used 15441K, capacity 16718K, committed 16768K, reserved 1048576K
}
Event: 1360.024 GC heap before
{Heap before GC invocations=40 (full 0):
 garbage-first heap   total 262144K, used 212935K [0x0000000080000000, 0x0000000100000000)
  region size 1024K, 89 young (91136K), 2 survivors (2048K)
 Metaspace       used 124905K, capacity 128479K, committed 128640K, reserved 1161216K
  class space    used 15441K, capacity 16718K, committed 16768K, reserved 1048576K
}
Event: 1360.027 GC heap after
{Heap after GC invocations=41 (full 0):
 garbage-first heap   total 262144K, used 123659K [0x0000000080000000, 0x0000000100000000)
  region size 1024K, 2 young (2048K), 2 survivors (2048K)
 Metaspace       used 124905K, capacity 128479K, committed 128640K, reserved 1161216K
  class space    used 15441K, capacity 16718K, committed 16768K, reserved 1048576K
}
Event: 1361.775 GC heap before
{Heap before GC invocations=41 (full 0):
 garbage-first heap   total 262144K, used 230155K [0x0000000080000000, 0x0000000100000000)
  region size 1024K, 91 young (93184K), 2 survivors (2048K)
 Metaspace       used 125073K, capacity 128608K, committed 128640K, reserved 1161216K
  class space    used 15464K, capacity 16738K, committed 16768K, reserved 1048576K
}
Event: 1361.781 GC heap after
{Heap after GC invocations=42 (full 0):
 garbage-first heap   total 262144K, used 127613K [0x0000000080000000, 0x0000000100000000)
  region size 1024K, 4 young (4096K), 4 survivors (4096K)
 Metaspace       used 125073K, capacity 128608K, committed 128640K, reserved 1161216K
  class space    used 15464K, capacity 16738K, committed 16768K, reserved 1048576K
}
Event: 1362.682 GC heap before
{Heap before GC invocations=42 (full 0):
 garbage-first heap   total 262144K, used 216701K [0x0000000080000000, 0x0000000100000000)
  region size 1024K, 92 young (94208K), 4 survivors (4096K)
 Metaspace       used 126713K, capacity 130442K, committed 130688K, reserved 1163264K
  class space    used 15704K, capacity 17021K, committed 17024K, reserved 1048576K
}
Event: 1362.698 GC heap after
{Heap after GC invocations=43 (full 0):
 garbage-first heap   total 262144K, used 145799K [0x0000000080000000, 0x0000000100000000)
  region size 1024K, 12 young (12288K), 12 survivors (12288K)
 Metaspace       used 126713K, capacity 130442K, committed 130688K, reserved 1163264K
  class space    used 15704K, capacity 17021K, committed 17024K, reserved 1048576K
}
Event: 1362.939 GC heap before
{Heap before GC invocations=43 (full 0):
 garbage-first heap   total 262144K, used 213383K [0x0000000080000000, 0x0000000100000000)
  region size 1024K, 79 young (80896K), 12 survivors (12288K)
 Metaspace       used 127845K, capacity 131606K, committed 131712K, reserved 1163264K
  class space    used 15858K, capacity 17193K, committed 17280K, reserved 1048576K
}
Event: 1362.966 GC heap after
{Heap after GC invocations=44 (full 0):
 garbage-first heap   total 262144K, used 160481K [0x0000000080000000, 0x0000000100000000)
  region size 1024K, 10 young (10240K), 10 survivors (10240K)
 Metaspace       used 127845K, capacity 131606K, committed 131712K, reserved 1163264K
  class space    used 15858K, capacity 17193K, committed 17280K, reserved 1048576K
}
Event: 1363.113 GC heap before
{Heap before GC invocations=44 (full 0):
 garbage-first heap   total 262144K, used 211681K [0x0000000080000000, 0x0000000100000000)
  region size 1024K, 60 young (61440K), 10 survivors (10240K)
 Metaspace       used 128829K, capacity 132613K, committed 132864K, reserved 1165312K
  class space    used 16004K, capacity 17363K, committed 17408K, reserved 1048576K
}
Event: 1363.135 GC heap after
{Heap after GC invocations=45 (full 0):
 garbage-first heap   total 262144K, used 169984K [0x0000000080000000, 0x0000000100000000)
  region size 1024K, 8 young (8192K), 8 survivors (8192K)
 Metaspace       used 128829K, capacity 132613K, committed 132864K, reserved 1165312K
  class space    used 16004K, capacity 17363K, committed 17408K, reserved 1048576K
}
Event: 1363.288 GC heap before
{Heap before GC invocations=45 (full 0):
 garbage-first heap   total 262144K, used 215040K [0x0000000080000000, 0x0000000100000000)
  region size 1024K, 52 young (53248K), 8 survivors (8192K)
 Metaspace       used 129444K, capacity 133318K, committed 133504K, reserved 1165312K
  class space    used 16112K, capacity 17486K, committed 17536K, reserved 1048576K
}
Event: 1363.307 GC heap after
{Heap after GC invocations=46 (full 0):
 garbage-first heap   total 262144K, used 178456K [0x0000000080000000, 0x0000000100000000)
  region size 1024K, 7 young (7168K), 7 survivors (7168K)
 Metaspace       used 129444K, capacity 133318K, committed 133504K, reserved 1165312K
  class space    used 16112K, capacity 17486K, committed 17536K, reserved 1048576K
}
Event: 1363.484 GC heap before
{Heap before GC invocations=46 (full 0):
 garbage-first heap   total 262144K, used 216344K [0x0000000080000000, 0x0000000100000000)
  region size 1024K, 45 young (46080K), 7 survivors (7168K)
 Metaspace       used 130494K, capacity 134404K, committed 134528K, reserved 1165312K
  class space    used 16327K, capacity 17745K, committed 17792K, reserved 1048576K
}
Event: 1363.500 GC heap after
{Heap after GC invocations=47 (full 0):
 garbage-first heap   total 315392K, used 186268K [0x0000000080000000, 0x0000000100000000)
  region size 1024K, 6 young (6144K), 6 survivors (6144K)
 Metaspace       used 130494K, capacity 134404K, committed 134528K, reserved 1165312K
  class space    used 16327K, capacity 17745K, committed 17792K, reserved 1048576K
}

